0 info it worked if it ends with ok
1 verbose cli [ '/usr/local/bin/node',
1 verbose cli   '/usr/local/bin/npm',
1 verbose cli   'install',
1 verbose cli   '-g',
1 verbose cli   'readmore.js' ]
2 info using npm@3.10.8
3 info using node@v6.9.1
4 silly loadCurrentTree Starting
5 silly install loadCurrentTree
6 silly install readGlobalPackageData
7 silly fetchPackageMetaData readmore.js
8 silly fetchNamedPackageData readmore.js
9 silly mapToRegistry name readmore.js
10 silly mapToRegistry using default registry
11 silly mapToRegistry registry https://registry.npmjs.org/
12 silly mapToRegistry data Result {
12 silly mapToRegistry   raw: 'readmore.js',
12 silly mapToRegistry   scope: null,
12 silly mapToRegistry   escapedName: 'readmore.js',
12 silly mapToRegistry   name: 'readmore.js',
12 silly mapToRegistry   rawSpec: '',
12 silly mapToRegistry   spec: 'latest',
12 silly mapToRegistry   type: 'tag' }
13 silly mapToRegistry uri https://registry.npmjs.org/readmore.js
14 verbose request uri https://registry.npmjs.org/readmore.js
15 verbose request no auth needed
16 info attempt registry request try #1 at 12:08:19 PM
17 verbose request id ec23b94aabcc4289
18 http request GET https://registry.npmjs.org/readmore.js
19 http 200 https://registry.npmjs.org/readmore.js
20 verbose headers { server: 'CouchDB/1.5.0 (Erlang OTP/R16B03)',
20 verbose headers   etag: '"2NNMJ4PSHJT3EY1PMAJTU3JQ3"',
20 verbose headers   'content-type': 'application/json',
20 verbose headers   'content-encoding': 'gzip',
20 verbose headers   'cache-control': 'max-age=300',
20 verbose headers   'content-length': '3125',
20 verbose headers   'accept-ranges': 'bytes',
20 verbose headers   date: 'Fri, 28 Oct 2016 16:07:41 GMT',
20 verbose headers   via: '1.1 varnish',
20 verbose headers   age: '0',
20 verbose headers   connection: 'keep-alive',
20 verbose headers   'x-served-by': 'cache-ord1724-ORD',
20 verbose headers   'x-cache': 'MISS',
20 verbose headers   'x-cache-hits': '0',
20 verbose headers   'x-timer': 'S1477670861.812359,VS0,VE112',
20 verbose headers   vary: 'Accept-Encoding' }
21 silly get cb [ 200,
21 silly get   { server: 'CouchDB/1.5.0 (Erlang OTP/R16B03)',
21 silly get     etag: '"2NNMJ4PSHJT3EY1PMAJTU3JQ3"',
21 silly get     'content-type': 'application/json',
21 silly get     'content-encoding': 'gzip',
21 silly get     'cache-control': 'max-age=300',
21 silly get     'content-length': '3125',
21 silly get     'accept-ranges': 'bytes',
21 silly get     date: 'Fri, 28 Oct 2016 16:07:41 GMT',
21 silly get     via: '1.1 varnish',
21 silly get     age: '0',
21 silly get     connection: 'keep-alive',
21 silly get     'x-served-by': 'cache-ord1724-ORD',
21 silly get     'x-cache': 'MISS',
21 silly get     'x-cache-hits': '0',
21 silly get     'x-timer': 'S1477670861.812359,VS0,VE112',
21 silly get     vary: 'Accept-Encoding' } ]
22 verbose get saving readmore.js to /Users/wendyyang/.npm/registry.npmjs.org/readmore.js/.cache.json
23 verbose correctMkdir /Users/wendyyang/.npm correctMkdir not in flight; initializing
24 silly install normalizeTree
25 silly loadCurrentTree Finishing
26 silly loadIdealTree Starting
27 silly install loadIdealTree
28 silly cloneCurrentTree Starting
29 silly install cloneCurrentTreeToIdealTree
30 silly cloneCurrentTree Finishing
31 silly loadShrinkwrap Starting
32 silly install loadShrinkwrap
33 silly loadShrinkwrap Finishing
34 silly loadAllDepsIntoIdealTree Starting
35 silly install loadAllDepsIntoIdealTree
36 silly resolveWithNewModule readmore.js@2.0.4 checking installable status
37 silly cache add args [ 'readmore.js', null ]
38 verbose cache add spec readmore.js
39 silly cache add parsed spec Result {
39 silly cache add   raw: 'readmore.js',
39 silly cache add   scope: null,
39 silly cache add   escapedName: 'readmore.js',
39 silly cache add   name: 'readmore.js',
39 silly cache add   rawSpec: '',
39 silly cache add   spec: 'latest',
39 silly cache add   type: 'tag' }
40 silly addNamed readmore.js@latest
41 verbose addNamed "latest" is being treated as a dist-tag for readmore.js
42 info addNameTag [ 'readmore.js', 'latest' ]
43 silly mapToRegistry name readmore.js
44 silly mapToRegistry using default registry
45 silly mapToRegistry registry https://registry.npmjs.org/
46 silly mapToRegistry data Result {
46 silly mapToRegistry   raw: 'readmore.js',
46 silly mapToRegistry   scope: null,
46 silly mapToRegistry   escapedName: 'readmore.js',
46 silly mapToRegistry   name: 'readmore.js',
46 silly mapToRegistry   rawSpec: '',
46 silly mapToRegistry   spec: 'latest',
46 silly mapToRegistry   type: 'tag' }
47 silly mapToRegistry uri https://registry.npmjs.org/readmore.js
48 verbose addNameTag registry:https://registry.npmjs.org/readmore.js not in flight; fetching
49 verbose get https://registry.npmjs.org/readmore.js not expired, no request
50 silly addNameTag next cb for readmore.js with tag latest
51 silly addNamed readmore.js@2.0.4
52 verbose addNamed "2.0.4" is a plain semver version for readmore.js
53 silly mapToRegistry name readmore.js
54 silly mapToRegistry using default registry
55 silly mapToRegistry registry https://registry.npmjs.org/
56 silly mapToRegistry data Result {
56 silly mapToRegistry   raw: 'readmore.js',
56 silly mapToRegistry   scope: null,
56 silly mapToRegistry   escapedName: 'readmore.js',
56 silly mapToRegistry   name: 'readmore.js',
56 silly mapToRegistry   rawSpec: '',
56 silly mapToRegistry   spec: 'latest',
56 silly mapToRegistry   type: 'tag' }
57 silly mapToRegistry uri https://registry.npmjs.org/readmore.js
58 verbose addRemoteTarball https://registry.npmjs.org/readmore.js/-/readmore.js-2.0.4.tgz not in flight; adding
59 verbose addRemoteTarball [ 'https://registry.npmjs.org/readmore.js/-/readmore.js-2.0.4.tgz',
59 verbose addRemoteTarball   '2c7ab3e05602dfe14c16dc8ace7ee1b5b9fb3e24' ]
60 info retry fetch attempt 1 at 12:08:20 PM
61 info attempt registry request try #1 at 12:08:20 PM
62 http fetch GET https://registry.npmjs.org/readmore.js/-/readmore.js-2.0.4.tgz
63 http fetch 200 https://registry.npmjs.org/readmore.js/-/readmore.js-2.0.4.tgz
64 silly fetchAndShaCheck shasum 2c7ab3e05602dfe14c16dc8ace7ee1b5b9fb3e24
65 verbose addTmpTarball /var/folders/sc/h5d46mp92n91hsjm5h44f8kr0000gn/T/npm-74595-7bb2114e/registry.npmjs.org/readmore.js/-/readmore.js-2.0.4.tgz not in flight; adding
66 verbose addTmpTarball already have metadata; skipping unpack for readmore.js@2.0.4
67 verbose correctMkdir /Users/wendyyang/.npm correctMkdir not in flight; initializing
68 silly cache afterAdd readmore.js@2.0.4
69 verbose afterAdd /Users/wendyyang/.npm/readmore.js/2.0.4/package/package.json not in flight; writing
70 verbose correctMkdir /Users/wendyyang/.npm correctMkdir not in flight; initializing
71 verbose afterAdd /Users/wendyyang/.npm/readmore.js/2.0.4/package/package.json written
72 silly loadAllDepsIntoIdealTree Finishing
73 silly loadIdealTree Finishing
74 silly currentTree lib
75 silly idealTree lib
75 silly idealTree └── readmore.js@2.0.4
76 silly generateActionsToTake Starting
77 silly install generateActionsToTake
78 warn checkPermissions Missing write access to /usr/local/lib/node_modules
79 silly rollbackFailedOptional Starting
80 silly rollbackFailedOptional Finishing
81 silly runTopLevelLifecycles Finishing
82 silly install printInstalled
83 verbose stack Error: EACCES: permission denied, access '/usr/local/lib/node_modules'
83 verbose stack     at Error (native)
84 verbose cwd /Users/wendyyang/Documents/Sites/HackerYou/week6/projectSix-movieDB
85 error Darwin 15.6.0
86 error argv "/usr/local/bin/node" "/usr/local/bin/npm" "install" "-g" "readmore.js"
87 error node v6.9.1
88 error npm  v3.10.8
89 error path /usr/local/lib/node_modules
90 error code EACCES
91 error errno -13
92 error syscall access
93 error Error: EACCES: permission denied, access '/usr/local/lib/node_modules'
93 error     at Error (native)
93 error  { Error: EACCES: permission denied, access '/usr/local/lib/node_modules'
93 error     at Error (native)
93 error   errno: -13,
93 error   code: 'EACCES',
93 error   syscall: 'access',
93 error   path: '/usr/local/lib/node_modules' }
94 error Please try running this command again as root/Administrator.
95 verbose exit [ -13, true ]
